<?xml version="1.0" encoding="UTF-8" ?>
<testsuite tests="9" failures="1" name="tests.HomeTest" time="15.896" errors="0" skipped="8">
  <properties>
[...]
</properties>
  <testcase classname="tests.HomeTest" name="setUp" time="1.763">
    <failure message="Unable to create a new remote session. Please check the server log for more details. Original error: An unknown server-side error occurred while processing the command. Original error: Could not find package io.selendroid.testapp on the device
Build info: version: &apos;3.141.59&apos;, revision: &apos;e82be7d358&apos;, time: &apos;2018-11-14T08:17:03&apos;
System info: host: &apos;ML5084HV2F&apos;, ip: &apos;fe80:0:0:0:440:59eb:6a12:82a4%en0&apos;, os.name: &apos;Mac OS X&apos;, os.arch: &apos;x86_64&apos;, os.version: &apos;10.12.6&apos;, java.version: &apos;1.8.0_211&apos;
Driver info: driver.version: AndroidDriver
remote stacktrace: UnknownError: An unknown server-side error occurred while processing the command. Original error: Could not find package io.selendroid.testapp on the device
    at getResponseForW3CError (/Applications/Appium.app/Contents/Resources/app/node_modules/appium/node_modules/appium-base-driver/lib/protocol/errors.js:826:9)
    at asyncHandler (/Applications/Appium.app/Contents/Resources/app/node_modules/appium/node_modules/appium-base-driver/lib/protocol/protocol.js:447:37)
    at process._tickCallback (internal/process/next_tick.js:68:7)
Build info: version: &apos;3.141.59&apos;, revision: &apos;e82be7d358&apos;, time: &apos;2018-11-14T08:17:03&apos;
System info: host: &apos;ML5084HV2F&apos;, ip: &apos;fe80:0:0:0:440:59eb:6a12:82a4%en0&apos;, os.name: &apos;Mac OS X&apos;, os.arch: &apos;x86_64&apos;, os.version: &apos;10.12.6&apos;, java.version: &apos;1.8.0_211&apos;
Driver info: driver.version: AndroidDriver" type="org.openqa.selenium.SessionNotCreatedException">org.openqa.selenium.SessionNotCreatedException: Unable to create a new remote session. Please check the server log for more details. Original error: An unknown server-side error occurred while processing the command. Original error: Could not find package io.selendroid.testapp on the device
Build info: version: &apos;3.141.59&apos;, revision: &apos;e82be7d358&apos;, time: &apos;2018-11-14T08:17:03&apos;
System info: host: &apos;ML5084HV2F&apos;, ip: &apos;fe80:0:0:0:440:59eb:6a12:82a4%en0&apos;, os.name: &apos;Mac OS X&apos;, os.arch: &apos;x86_64&apos;, os.version: &apos;10.12.6&apos;, java.version: &apos;1.8.0_211&apos;
Driver info: driver.version: AndroidDriver
remote stacktrace: UnknownError: An unknown server-side error occurred while processing the command. Original error: Could not find package io.selendroid.testapp on the device
    at getResponseForW3CError (/Applications/Appium.app/Contents/Resources/app/node_modules/appium/node_modules/appium-base-driver/lib/protocol/errors.js:826:9)
    at asyncHandler (/Applications/Appium.app/Contents/Resources/app/node_modules/appium/node_modules/appium-base-driver/lib/protocol/protocol.js:447:37)
    at process._tickCallback (internal/process/next_tick.js:68:7)
Build info: version: &apos;3.141.59&apos;, revision: &apos;e82be7d358&apos;, time: &apos;2018-11-14T08:17:03&apos;
System info: host: &apos;ML5084HV2F&apos;, ip: &apos;fe80:0:0:0:440:59eb:6a12:82a4%en0&apos;, os.name: &apos;Mac OS X&apos;, os.arch: &apos;x86_64&apos;, os.version: &apos;10.12.6&apos;, java.version: &apos;1.8.0_211&apos;
Driver info: driver.version: AndroidDriver
	at io.appium.java_client.remote.AppiumCommandExecutor$1.createSession(AppiumCommandExecutor.java:208)
	at io.appium.java_client.remote.AppiumCommandExecutor.createSession(AppiumCommandExecutor.java:217)
	at io.appium.java_client.remote.AppiumCommandExecutor.execute(AppiumCommandExecutor.java:239)
	at org.openqa.selenium.remote.RemoteWebDriver.execute(RemoteWebDriver.java:552)
	at io.appium.java_client.DefaultGenericMobileDriver.execute(DefaultGenericMobileDriver.java:42)
	at io.appium.java_client.AppiumDriver.execute(AppiumDriver.java:1)
	at io.appium.java_client.android.AndroidDriver.execute(AndroidDriver.java:1)
	at org.openqa.selenium.remote.RemoteWebDriver.startSession(RemoteWebDriver.java:213)
	at org.openqa.selenium.remote.RemoteWebDriver.&lt;init&gt;(RemoteWebDriver.java:131)
	at io.appium.java_client.DefaultGenericMobileDriver.&lt;init&gt;(DefaultGenericMobileDriver.java:38)
	at io.appium.java_client.AppiumDriver.&lt;init&gt;(AppiumDriver.java:84)
	at io.appium.java_client.AppiumDriver.&lt;init&gt;(AppiumDriver.java:94)
	at io.appium.java_client.android.AndroidDriver.&lt;init&gt;(AndroidDriver.java:95)
	at tests.HomeTest.setUp(HomeTest.java:31)
Caused by: java.lang.reflect.InvocationTargetException
	at sun.reflect.NativeMethodAccessorImpl.invoke0(Native Method)
	at sun.reflect.NativeMethodAccessorImpl.invoke(NativeMethodAccessorImpl.java:62)
	at sun.reflect.DelegatingMethodAccessorImpl.invoke(DelegatingMethodAccessorImpl.java:43)
	at java.lang.reflect.Method.invoke(Method.java:498)
	at io.appium.java_client.remote.AppiumCommandExecutor$1.createSession(AppiumCommandExecutor.java:186)
	... 48 more
Caused by: org.openqa.selenium.WebDriverException: An unknown server-side error occurred while processing the command. Original error: Could not find package io.selendroid.testapp on the device
Build info: version: &apos;3.141.59&apos;, revision: &apos;e82be7d358&apos;, time: &apos;2018-11-14T08:17:03&apos;
System info: host: &apos;ML5084HV2F&apos;, ip: &apos;fe80:0:0:0:440:59eb:6a12:82a4%en0&apos;, os.name: &apos;Mac OS X&apos;, os.arch: &apos;x86_64&apos;, os.version: &apos;10.12.6&apos;, java.version: &apos;1.8.0_211&apos;
Driver info: driver.version: AndroidDriver
remote stacktrace: UnknownError: An unknown server-side error occurred while processing the command. Original error: Could not find package io.selendroid.testapp on the device
    at getResponseForW3CError (/Applications/Appium.app/Contents/Resources/app/node_modules/appium/node_modules/appium-base-driver/lib/protocol/errors.js:826:9)
    at asyncHandler (/Applications/Appium.app/Contents/Resources/app/node_modules/appium/node_modules/appium-base-driver/lib/protocol/protocol.js:447:37)
    at process._tickCallback (internal/process/next_tick.js:68:7)
	at sun.reflect.NativeConstructorAccessorImpl.newInstance0(Native Method)
	at sun.reflect.NativeConstructorAccessorImpl.newInstance(NativeConstructorAccessorImpl.java:62)
	at sun.reflect.DelegatingConstructorAccessorImpl.newInstance(DelegatingConstructorAccessorImpl.java:45)
	at java.lang.reflect.Constructor.newInstance(Constructor.java:423)
	at org.openqa.selenium.remote.W3CHandshakeResponse.lambda$errorHandler$0(W3CHandshakeResponse.java:62)
	at org.openqa.selenium.remote.HandshakeResponse.lambda$getResponseFunction$0(HandshakeResponse.java:30)
	at org.openqa.selenium.remote.ProtocolHandshake.lambda$createSession$0(ProtocolHandshake.java:126)
	at java.util.stream.ReferencePipeline$3$1.accept(ReferencePipeline.java:193)
	at java.util.Spliterators$ArraySpliterator.tryAdvance(Spliterators.java:958)
	at java.util.stream.ReferencePipeline.forEachWithCancel(ReferencePipeline.java:126)
	at java.util.stream.AbstractPipeline.copyIntoWithCancel(AbstractPipeline.java:498)
	at java.util.stream.AbstractPipeline.copyInto(AbstractPipeline.java:485)
	at java.util.stream.AbstractPipeline.wrapAndCopyInto(AbstractPipeline.java:471)
	at java.util.stream.FindOps$FindOp.evaluateSequential(FindOps.java:152)
	at java.util.stream.AbstractPipeline.evaluate(AbstractPipeline.java:234)
	at java.util.stream.ReferencePipeline.findFirst(ReferencePipeline.java:464)
	at org.openqa.selenium.remote.ProtocolHandshake.createSession(ProtocolHandshake.java:128)
	... 53 more
</failure>
    <system-out>Configuring TestNG with: org.apache.maven.surefire.testng.conf.TestNG652Configurator@6adca536
</system-out>
  </testcase>
  <testcase classname="tests.HomeTest" name="StartSessionTest" time="1.765">
    <skipped/>
  </testcase>
  <testcase classname="tests.HomeTest" name="cancelCloseAppTest" time="1.766">
    <skipped/>
  </testcase>
  <testcase classname="tests.HomeTest" name="checkAcceptAddsTest" time="1.766">
    <skipped/>
  </testcase>
  <testcase classname="tests.HomeTest" name="closeAppTest" time="1.767">
    <skipped/>
  </testcase>
  <testcase classname="tests.HomeTest" name="displayTextViewTest" time="1.767">
    <skipped/>
  </testcase>
  <testcase classname="tests.HomeTest" name="enterNameTest" time="1.767">
    <skipped/>
  </testcase>
  <testcase classname="tests.HomeTest" name="uncheckAcceptAddsTest" time="1.767">
    <skipped/>
  </testcase>
  <testcase classname="tests.HomeTest" name="tearDown" time="1.768">
    <skipped/>
  </testcase>
</testsuite>